{"level":"debug","message":"CONNECTION URL: mongodb://risikodb:risiko@localhost:27017/risikodb","timestamp":"2014-05-17T21:56:35.781Z"}
{"level":"info","message":"env development","timestamp":"2014-05-17T21:56:36.044Z"}
{"level":"info","message":"Express server listening on 192.168.0.10 port 8000 in development mode","timestamp":"2014-05-17T21:56:36.176Z"}
{"level":"debug","message":"CONNECTION URL: mongodb://risikodb:risiko@localhost:27017/risikodb","timestamp":"2014-05-17T21:57:03.542Z"}
{"level":"info","message":"env development","timestamp":"2014-05-17T21:57:03.825Z"}
{"level":"info","message":"Express server listening on 192.168.0.10 port 8000 in development mode","timestamp":"2014-05-17T21:57:03.940Z"}
{"level":"debug","message":"loading ./games/risiko/js/jquery-ui-1.9.2.custom.min.js...","timestamp":"2014-05-17T21:57:07.706Z"}
{"level":"debug","message":"static file ./games/risiko/js/jquery-ui-1.9.2.custom.min.js loaded","timestamp":"2014-05-17T21:57:07.708Z"}
{"level":"debug","message":"loading ./games/risiko/js/bootstrap.min.js...","timestamp":"2014-05-17T21:57:07.762Z"}
{"level":"debug","message":"static file ./games/risiko/js/bootstrap.min.js loaded","timestamp":"2014-05-17T21:57:07.764Z"}
{"level":"debug","message":"loading ./games/risiko/js/bootstrap-acknowledgeinput.min.js...","timestamp":"2014-05-17T21:57:07.829Z"}
{"level":"debug","message":"loading ./games/risiko/js/jquery.feedback_me.js...","timestamp":"2014-05-17T21:57:07.834Z"}
{"level":"debug","message":"loading ./css/bootstrap.min.css...","timestamp":"2014-05-17T21:57:07.837Z"}
{"level":"debug","message":"loading ./css/bootstrap-responsive.css...","timestamp":"2014-05-17T21:57:07.840Z"}
{"level":"debug","message":"static file ./games/risiko/js/bootstrap-acknowledgeinput.min.js loaded","timestamp":"2014-05-17T21:57:07.842Z"}
{"level":"debug","message":"static file ./games/risiko/js/jquery.feedback_me.js loaded","timestamp":"2014-05-17T21:57:07.844Z"}
{"level":"debug","message":"static file ./css/bootstrap.min.css loaded","timestamp":"2014-05-17T21:57:07.845Z"}
{"level":"debug","message":"static file ./css/bootstrap-responsive.css loaded","timestamp":"2014-05-17T21:57:07.848Z"}
{"level":"debug","message":"loading ./css/jquery.feedback_me.css...","timestamp":"2014-05-17T21:57:07.872Z"}
{"level":"debug","message":"static file ./css/jquery.feedback_me.css loaded","timestamp":"2014-05-17T21:57:07.873Z"}
{"level":"debug","message":"loading ./css/index.css...","timestamp":"2014-05-17T21:57:07.887Z"}
{"level":"debug","message":"static file ./css/index.css loaded","timestamp":"2014-05-17T21:57:07.887Z"}
{"level":"debug","message":"loading ./css/token-input.css...","timestamp":"2014-05-17T21:57:07.903Z"}
{"level":"debug","message":"static file ./css/token-input.css loaded","timestamp":"2014-05-17T21:57:07.904Z"}
{"level":"debug","message":"loading ./css/jquery.pnotify.default.icons.css...","timestamp":"2014-05-17T21:57:07.913Z"}
{"level":"debug","message":"static file ./css/jquery.pnotify.default.icons.css loaded","timestamp":"2014-05-17T21:57:07.914Z"}
{"level":"debug","message":"loading ./css/token-input-facebook.css...","timestamp":"2014-05-17T21:57:07.941Z"}
{"level":"debug","message":"static file ./css/token-input-facebook.css loaded","timestamp":"2014-05-17T21:57:07.942Z"}
{"level":"debug","message":"loading ./css/jquery.pnotify.default.css...","timestamp":"2014-05-17T21:57:07.951Z"}
{"level":"debug","message":"static file ./css/jquery.pnotify.default.css loaded","timestamp":"2014-05-17T21:57:07.952Z"}
{"level":"debug","message":"loading ./css/introjs.min.css...","timestamp":"2014-05-17T21:57:07.967Z"}
{"level":"debug","message":"static file ./css/introjs.min.css loaded","timestamp":"2014-05-17T21:57:07.967Z"}
{"level":"debug","message":"loading ./games/risiko/js/jquery-1.9.1.min.js...","timestamp":"2014-05-17T21:57:07.973Z"}
{"level":"debug","message":"static file ./games/risiko/js/jquery-1.9.1.min.js loaded","timestamp":"2014-05-17T21:57:07.974Z"}
{"level":"debug","message":"loading ./games/risiko/js/jquery.tokeninput.js...","timestamp":"2014-05-17T21:57:08.835Z"}
{"level":"debug","message":"loading ./games/risiko/js/date-it-IT.js...","timestamp":"2014-05-17T21:57:08.838Z"}
{"level":"debug","message":"loading ./games/risiko/js/account-intro.js...","timestamp":"2014-05-17T21:57:08.839Z"}
{"level":"debug","message":"loading ./games/risiko/js/intro.min.js...","timestamp":"2014-05-17T21:57:08.840Z"}
{"level":"debug","message":"loading ./games/risiko/js/jquery.pnotify.js...","timestamp":"2014-05-17T21:57:08.841Z"}
{"level":"debug","message":"loading ./images/logo_small.png...","timestamp":"2014-05-17T21:57:08.848Z"}
{"level":"debug","message":"static file ./games/risiko/js/date-it-IT.js loaded","timestamp":"2014-05-17T21:57:08.850Z"}
{"level":"debug","message":"static file ./games/risiko/js/jquery.tokeninput.js loaded","timestamp":"2014-05-17T21:57:08.852Z"}
{"level":"debug","message":"static file ./games/risiko/js/account-intro.js loaded","timestamp":"2014-05-17T21:57:08.853Z"}
{"level":"debug","message":"static file ./games/risiko/js/jquery.pnotify.js loaded","timestamp":"2014-05-17T21:57:08.855Z"}
{"level":"debug","message":"static file ./games/risiko/js/intro.min.js loaded","timestamp":"2014-05-17T21:57:08.856Z"}
{"level":"debug","message":"static file ./images/logo_small.png loaded","timestamp":"2014-05-17T21:57:08.859Z"}
{"level":"debug","message":"loading ./images/beta.png...","timestamp":"2014-05-17T21:57:08.922Z"}
{"level":"debug","message":"loading ./images/google-chrome.png...","timestamp":"2014-05-17T21:57:08.923Z"}
{"level":"debug","message":"loading ./images/loading-small.gif...","timestamp":"2014-05-17T21:57:08.924Z"}
{"level":"debug","message":"loading ./images/seatBusy.png...","timestamp":"2014-05-17T21:57:08.925Z"}
{"level":"debug","message":"static file ./images/beta.png loaded","timestamp":"2014-05-17T21:57:08.928Z"}
{"level":"debug","message":"static file ./images/loading-small.gif loaded","timestamp":"2014-05-17T21:57:08.929Z"}
{"level":"debug","message":"static file ./images/seatBusy.png loaded","timestamp":"2014-05-17T21:57:08.931Z"}
{"level":"debug","message":"static file ./images/google-chrome.png loaded","timestamp":"2014-05-17T21:57:08.932Z"}
{"level":"debug","message":"loading ./images/seatFree.png...","timestamp":"2014-05-17T21:57:08.977Z"}
{"level":"debug","message":"static file ./images/seatFree.png loaded","timestamp":"2014-05-17T21:57:08.978Z"}
{"level":"debug","message":"loading ./images/facebook_share.png...","timestamp":"2014-05-17T21:57:08.987Z"}
{"level":"debug","message":"static file ./images/facebook_share.png loaded","timestamp":"2014-05-17T21:57:08.989Z"}
{"level":"debug","message":"loading ./images/google_share.png...","timestamp":"2014-05-17T21:57:09.052Z"}
{"level":"debug","message":"static file ./images/google_share.png loaded","timestamp":"2014-05-17T21:57:09.054Z"}
{"level":"debug","message":"loading ./images/play.png...","timestamp":"2014-05-17T21:57:09.076Z"}
{"level":"debug","message":"static file ./images/play.png loaded","timestamp":"2014-05-17T21:57:09.077Z"}
